<?xml version="1.0" encoding="UTF-8" ?>
<testsuite errors="0" failures="0" hostname="Swanand" name="ee.pinger.database.FilePingRepositorySpecs" tests="1" time="0.187" timestamp="2012-10-17T10:47:53">
  <properties>
    <property name="ant.project.invoked-targets" value="war" />
    <property name="java.runtime.name" value="Java(TM) SE Runtime Environment" />
    <property name="sun.boot.library.path" value="/usr/lib/jvm/java-7-oracle/jre/lib/amd64" />
    <property name="java.vm.version" value="23.3-b01" />
    <property name="ant.library.dir" value="/usr/share/ant/lib" />
    <property name="ant.version" value="Apache Ant(TM) version 1.8.2 compiled on December 3 2011" />
    <property name="ant.java.version" value="1.7" />
    <property name="java.vm.vendor" value="Oracle Corporation" />
    <property name="java.vendor.url" value="http://java.oracle.com/" />
    <property name="path.separator" value=":" />
    <property name="java.vm.name" value="Java HotSpot(TM) 64-Bit Server VM" />
    <property name="file.encoding.pkg" value="sun.io" />
    <property name="user.country" value="IN" />
    <property name="sun.java.launcher" value="SUN_STANDARD" />
    <property name="sun.os.patch.level" value="unknown" />
    <property name="java.vm.specification.name" value="Java Virtual Machine Specification" />
    <property name="user.dir" value="/home/swanand/sworkspace/PingerFinal" />
    <property name="java.runtime.version" value="1.7.0_07-b10" />
    <property name="java.awt.graphicsenv" value="sun.awt.X11GraphicsEnvironment" />
    <property name="basedir" value="/home/swanand/sworkspace/PingerFinal" />
    <property name="java.endorsed.dirs" value="/usr/lib/jvm/java-7-oracle/jre/lib/endorsed" />
    <property name="os.arch" value="amd64" />
    <property name="ant.project.default-target" value="war" />
    <property name="java.io.tmpdir" value="/tmp" />
    <property name="ant.core.lib" value="/usr/share/ant/lib/ant.jar" />
    <property name="line.separator" value="&#xa;" />
    <property name="java.vm.specification.vendor" value="Oracle Corporation" />
    <property name="os.name" value="Linux" />
    <property name="ant.home" value="/usr/share/ant" />
    <property name="ant.project.name" value="Pinger" />
    <property name="sun.jnu.encoding" value="UTF-8" />
    <property name="java.library.path" value="/usr/java/packages/lib/amd64:/usr/lib64:/lib64:/lib:/usr/lib" />
    <property name="java.specification.name" value="Java Platform API Specification" />
    <property name="java.class.version" value="51.0" />
    <property name="ant.file.type.Pinger" value="file" />
    <property name="sun.management.compiler" value="HotSpot 64-Bit Tiered Compilers" />
    <property name="os.version" value="3.2.0-31-generic" />
    <property name="ant.file" value="/home/swanand/sworkspace/PingerFinal/build.xml" />
    <property name="user.home" value="/home/swanand" />
    <property name="user.timezone" value="" />
    <property name="java.awt.printerjob" value="sun.print.PSPrinterJob" />
    <property name="java.specification.version" value="1.7" />
    <property name="file.encoding" value="UTF-8" />
    <property name="java.class.path" value="/usr/share/ant/lib/ant-launcher.jar:/usr/share/java/xmlParserAPIs.jar:/usr/share/java/xercesImpl.jar:/usr/share/ant/lib/ant-jdepend.jar:/usr/share/ant/lib/ant-junit4.jar:/usr/share/ant/lib/ant-jmf.jar:/usr/share/ant/lib/ant-jsch.jar:/usr/share/ant/lib/ant-apache-oro.jar:/usr/share/ant/lib/ant-commons-net.jar:/usr/share/ant/lib/ant-apache-log4j.jar:/usr/share/ant/lib/ant-apache-bsf.jar:/usr/share/ant/lib/ant-launcher.jar:/usr/share/ant/lib/bcel.jar:/usr/share/ant/lib/ant-apache-resolver.jar:/usr/share/ant/lib/ant-apache-bcel.jar:/usr/share/ant/lib/ant-antlr.jar:/usr/share/ant/lib/ant-apache-xalan2.jar:/usr/share/ant/lib/ant.jar:/usr/share/ant/lib/ant-swing.jar:/usr/share/ant/lib/ant-apache-regexp.jar:/usr/share/ant/lib/junit.jar:/usr/share/ant/lib/ant-junit.jar:/usr/share/ant/lib/ant-testutil.jar:/usr/share/ant/lib/ant-commons-logging.jar:/usr/share/ant/lib/ant-javamail.jar:/usr/lib/jvm/java-7-oracle/lib/tools.jar" />
    <property name="user.name" value="swanand" />
    <property name="ant.file.Pinger" value="/home/swanand/sworkspace/PingerFinal/build.xml" />
    <property name="java.vm.specification.version" value="1.7" />
    <property name="java.home" value="/usr/lib/jvm/java-7-oracle/jre" />
    <property name="sun.arch.data.model" value="64" />
    <property name="sun.java.command" value="org.apache.tools.ant.launch.Launcher -cp " />
    <property name="java.specification.vendor" value="Oracle Corporation" />
    <property name="user.language" value="en" />
    <property name="awt.toolkit" value="sun.awt.X11.XToolkit" />
    <property name="java.vm.info" value="mixed mode" />
    <property name="java.version" value="1.7.0_07" />
    <property name="java.ext.dirs" value="/usr/lib/jvm/java-7-oracle/jre/lib/ext:/usr/java/packages/lib/ext" />
    <property name="sun.boot.class.path" value="/usr/lib/jvm/java-7-oracle/jre/lib/resources.jar:/usr/lib/jvm/java-7-oracle/jre/lib/rt.jar:/usr/lib/jvm/java-7-oracle/jre/lib/sunrsasign.jar:/usr/lib/jvm/java-7-oracle/jre/lib/jsse.jar:/usr/lib/jvm/java-7-oracle/jre/lib/jce.jar:/usr/lib/jvm/java-7-oracle/jre/lib/charsets.jar:/usr/lib/jvm/java-7-oracle/jre/lib/jfr.jar:/usr/lib/jvm/java-7-oracle/jre/classes" />
    <property name="java.vendor" value="Oracle Corporation" />
    <property name="file.separator" value="/" />
    <property name="java.vendor.url.bug" value="http://bugreport.sun.com/bugreport/" />
    <property name="sun.cpu.endian" value="little" />
    <property name="sun.io.unicode.encoding" value="UnicodeLittle" />
    <property name="ant.file.type" value="file" />
    <property name="sun.desktop" value="gnome" />
    <property name="sun.cpu.isalist" value="" />
  </properties>
  <testcase classname="ee.pinger.database.FilePingRepositorySpecs" name="itWritesToFileRepository" time="0.139" />
  <system-out><![CDATA[]]></system-out>
  <system-err><![CDATA[]]></system-err>
</testsuite>
